<?xml version="1.0" encoding="UTF-8"?>
<!-- Generated by org.testng.reporters.JUnitReportReporter -->
<testsuite hostname="DESKTOP-83KO0Q6" failures="0" tests="1" name="runner.TestNGCucumberRunner" time="6.727" errors="0" timestamp="2025-07-09T15:14:00 IST" skipped="0">
  <testcase classname="runner.TestNGCucumberRunner" name="runScenario" time="6.727"/>
</testsuite> <!-- runner.TestNGCucumberRunner -->
